Waf: Entering directory `/home/limemnghui/ns-allinone-3.27/ns-3.27/build'
[2322/2711] Compiling scratch/backup_1.cc
[2657/2711] Linking build/scratch/backup_1
Waf: Leaving directory `/home/limemnghui/ns-allinone-3.27/ns-3.27/build'
Build commands will be stored in build/compile_commands.json
'build' finished successfully (3.882s)
1 3 0.0656001
1 0 0.0656001
9 7 0.0792821
9 8 0.0792821
9 10 0.0792821
9 11 0.0792821
13 0 0.0914463
13 12 0.0914463
11 9 0.138241
11 12 0.138241
3 1 0.171372
3 2 0.171372
3 4 0.171372
3 5 0.171372
4 3 0.181616
4 6 0.181616
12 10 0.208955
12 11 0.208955
12 13 0.208955
12 14 0.208955
5 3 0.214875
5 6 0.214875
0 1 0.282302
0 2 0.282302
0 13 0.282302
0 14 0.282302
8 6 0.377299
8 9 0.377299
10 9 0.424754
10 12 0.424754
14 0 0.435759
14 12 0.435759
6 4 0.443213
6 5 0.443213
6 7 0.443213
6 8 0.443213
2 3 0.473269
2 0 0.473269
7 6 0.494922
7 9 0.494922
1 3 2.08624
1 0 2.08624
12 10 2.13272
12 11 2.13272
12 13 2.13272
12 14 2.13272
10 9 2.14385
10 12 2.14385
8 6 2.16893
8 9 2.16893
3 1 2.21496
3 2 2.21496
3 4 2.21496
3 5 2.21496
13 0 2.21856
13 12 2.21856
14 0 2.23451
14 12 2.23451
11 9 2.24956
11 12 2.24956
2 3 2.27222
2 0 2.27222
9 7 2.31035
9 8 2.31035
9 10 2.31035
9 11 2.31035
4 3 2.31064
4 6 2.31064
5 3 2.39737
5 6 2.39737
7 6 2.42735
7 9 2.42735
6 4 2.48685
6 5 2.48685
6 7 2.48685
6 8 2.48685
0 1 2.48937
0 2 2.48937
0 13 2.48937
0 14 2.48937
1 3 2.97569
1 0 2.97569
7 6 2.97669
7 9 2.97669
1 3 3.97069
1 0 3.97069
7 6 3.97069
7 9 3.97069
5 3 4.03439
5 6 4.03439
13 0 4.06787
13 12 4.06787
6 4 4.09231
6 5 4.09231
6 7 4.09231
6 8 4.09231
2 3 4.16836
2 0 4.16836
8 6 4.18721
8 9 4.18721
3 1 4.20233
3 2 4.20233
3 4 4.20233
3 5 4.20233
11 9 4.33501
11 12 4.33501
0 1 4.34876
0 2 4.34876
0 13 4.34876
0 14 4.34876
4 3 4.35085
4 6 4.35085
10 9 4.36968
10 12 4.36968
12 10 4.42358
12 11 4.42358
12 13 4.42358
12 14 4.42358
9 7 4.43484
9 8 4.43484
9 10 4.43484
9 11 4.43484
1 3 4.44208
1 0 4.44208
7 6 4.49158
7 9 4.49158
14 0 4.4988
14 12 4.4988
1 3 4.97069
1 0 4.97069
7 6 4.97069
7 9 4.97069
1 3 5.97069
1 0 5.97069
7 6 5.97069
7 9 5.97069
8 6 6.03529
8 9 6.03529
4 3 6.05297
4 6 6.05297
12 10 6.05344
12 11 6.05344
12 13 6.05344
12 14 6.05344
2 3 6.05641
2 0 6.05641
3 1 6.06342
3 2 6.06342
3 4 6.06342
3 5 6.06342
9 7 6.09043
9 8 6.09043
9 10 6.09043
9 11 6.09043
7 6 6.11272
7 9 6.11272
0 1 6.12283
0 2 6.12283
0 13 6.12283
0 14 6.12283
14 0 6.12332
14 12 6.12332
1 3 6.18132
1 0 6.18132
11 9 6.19884
11 12 6.19884
10 9 6.24045
10 12 6.24045
13 0 6.27329
13 12 6.27329
6 4 6.2924
6 5 6.2924
6 7 6.2924
6 8 6.2924
5 3 6.35757
5 6 6.35757
14 0 8.03714
14 12 8.03714
2 3 8.07881
2 0 8.07881
6 4 8.13245
6 5 8.13245
6 7 8.13245
6 8 8.13245
12 10 8.14789
12 11 8.14789
12 13 8.14789
12 14 8.14789
8 6 8.14925
8 9 8.14925
5 3 8.15068
5 6 8.15068
10 9 8.19682
10 12 8.19682
1 3 8.29817
1 0 8.29817
11 9 8.33222
11 12 8.33222
0 1 8.35623
0 2 8.35623
0 13 8.35623
0 14 8.35623
13 0 8.35638
13 12 8.35638
7 6 8.4187
7 9 8.4187
9 7 8.42954
9 8 8.42954
9 10 8.42954
9 11 8.42954
3 1 8.45109
3 2 8.45109
3 4 8.45109
3 5 8.45109
4 3 8.46765
4 6 8.46765
5 3 10.0722
5 6 10.0722
12 10 10.1488
12 11 10.1488
12 13 10.1488
12 14 10.1488
8 6 10.1787
8 9 10.1787
13 0 10.3118
13 12 10.3118
7 6 10.3273
7 9 10.3273
11 9 10.3736
11 12 10.3736
1 3 10.3867
1 0 10.3867
9 7 10.3907
9 8 10.3907
9 10 10.3907
9 11 10.3907
6 4 10.3923
6 5 10.3923
6 7 10.3923
6 8 10.3923
2 3 10.4429
2 0 10.4429
14 0 10.4431
14 12 10.4431
3 1 10.4621
3 2 10.4621
3 4 10.4621
3 5 10.4621
10 9 10.469
10 12 10.469
4 3 10.4741
4 6 10.4741
0 1 10.4943
0 2 10.4943
0 13 10.4943
0 14 10.4943
14 0 10.5109
14 12 10.5109
12 10 10.6824
12 11 10.6824
12 13 10.6824
12 14 10.6824
8 6 10.6826
8 9 10.6826
5 3 10.688
5 6 10.688
6 4 10.7252
6 5 10.7252
6 7 10.7252
6 8 10.7252
11 9 10.7858
11 12 10.7858
2 3 10.8145
2 0 10.8145
4 3 10.8865
4 6 10.8865
8 6 10.887
8 9 10.887
0 1 10.9135
0 2 10.9135
0 13 10.9135
0 14 10.9135
14 0 11.0568
14 12 11.0568
9 7 11.1122
9 8 11.1122
9 10 11.1122
9 11 11.1122
11 9 11.1381
11 12 11.1381
12 10 11.201
12 11 11.201
12 13 11.201
12 14 11.201
14 0 11.4466
14 12 11.4466
0 1 11.4839
0 2 11.4839
0 13 11.4839
0 14 11.4839
11 9 11.494
11 12 11.494
8 6 11.603
8 9 11.603
2 3 11.6786
2 0 11.6786
3 1 11.7217
3 2 11.7217
3 4 11.7217
3 5 11.7217
9 7 11.8014
9 8 11.8014
9 10 11.8014
9 11 11.8014
1 3 11.9251
1 0 11.9251
7 6 11.9331
7 9 11.9331
3 1 11.9368
3 2 11.9368
3 4 11.9368
3 5 11.9368
3 1 11.9372
3 2 11.9372
3 4 11.9372
3 5 11.9372
3 1 11.9379
3 2 11.9379
3 4 11.9379
3 5 11.9379
3 1 11.9389
3 2 11.9389
3 4 11.9389
3 5 11.9389
3 1 11.9401
3 2 11.9401
3 4 11.9401
3 5 11.9401
3 1 11.9426
3 2 11.9426
3 4 11.9426
3 5 11.9426
3 1 11.945
3 2 11.945
3 4 11.945
3 5 11.945
9 7 11.9457
9 8 11.9457
9 10 11.9457
9 11 11.9457
9 7 11.9462
9 8 11.9462
9 10 11.9462
9 11 11.9462
9 7 11.9465
9 8 11.9465
9 10 11.9465
9 11 11.9465
9 7 11.9473
9 8 11.9473
9 10 11.9473
9 11 11.9473
9 7 11.9481
9 8 11.9481
9 10 11.9481
9 11 11.9481
1 3 11.9484
1 0 11.9484
1 3 11.9485
1 0 11.9485
1 3 11.9503
1 0 11.9503
1 3 11.9523
1 0 11.9523
9 7 11.9524
9 8 11.9524
9 10 11.9524
9 11 11.9524
1 3 11.9542
1 0 11.9542
1 3 11.9551
1 0 11.9551
9 7 11.9556
9 8 11.9556
9 10 11.9556
9 11 11.9556
1 3 11.9568
1 0 11.9568
7 6 11.9582
7 9 11.9582
7 6 11.9584
7 9 11.9584
7 6 11.96
7 9 11.96
3 1 11.9614
3 2 11.9614
3 4 11.9614
3 5 11.9614
7 6 11.9621
7 9 11.9621
1 3 11.9625
1 0 11.9625
3 1 11.9632
3 2 11.9632
3 4 11.9632
3 5 11.9632
7 6 11.9644
7 9 11.9644
3 1 11.9652
3 2 11.9652
3 4 11.9652
3 5 11.9652
7 6 11.9676
7 9 11.9676
3 1 11.968
3 2 11.968
3 4 11.968
3 5 11.968
3 1 11.9697
3 2 11.9697
3 4 11.9697
3 5 11.9697
3 1 11.9704
3 2 11.9704
3 4 11.9704
3 5 11.9704
9 7 11.9722
9 8 11.9722
9 10 11.9722
9 11 11.9722
7 6 11.9733
7 9 11.9733
1 3 11.9734
1 0 11.9734
9 7 11.9738
9 8 11.9738
9 10 11.9738
9 11 11.9738
9 7 11.9739
9 8 11.9739
9 10 11.9739
9 11 11.9739
3 1 11.9754
3 2 11.9754
3 4 11.9754
3 5 11.9754
7 6 11.9754
7 9 11.9754
9 7 11.9759
9 8 11.9759
9 10 11.9759
9 11 11.9759
9 7 11.9783
9 8 11.9783
9 10 11.9783
9 11 11.9783
9 7 11.9814
9 8 11.9814
9 10 11.9814
9 11 11.9814
2 3 11.9846
2 0 11.9846
2 3 11.9849
2 0 11.9849
2 3 11.9853
2 0 11.9853
3 1 11.9863
3 2 11.9863
3 4 11.9863
3 5 11.9863
2 3 11.9864
2 0 11.9864
9 7 11.9872
9 8 11.9872
9 10 11.9872
9 11 11.9872
2 3 11.9877
2 0 11.9877
11 9 11.9882
11 12 11.9882
11 9 11.9885
11 12 11.9885
11 9 11.9892
11 12 11.9892
9 7 11.9893
9 8 11.9893
9 10 11.9893
9 11 11.9893
11 9 11.9896
11 12 11.9896
11 9 11.9916
11 12 11.9916
2 3 11.9922
2 0 11.9922
11 9 11.9927
11 12 11.9927
2 3 11.9941
2 0 11.9941
3 1 11.9987
3 2 11.9987
3 4 11.9987
3 5 11.9987
3 1 11.999
3 2 11.999
3 4 11.999
3 5 11.999
11 9 11.9991
11 12 11.9991
3 1 11.9991
3 2 11.9991
3 4 11.9991
3 5 11.9991
3 1 12.0007
3 2 12.0007
3 4 12.0007
3 5 12.0007
9 7 12.0023
9 8 12.0023
9 10 12.0023
9 11 12.0023
9 7 12.0024
9 8 12.0024
9 10 12.0024
9 11 12.0024
3 1 12.0028
3 2 12.0028
3 4 12.0028
3 5 12.0028
9 7 12.0042
9 8 12.0042
9 10 12.0042
9 11 12.0042
3 1 12.0054
3 2 12.0054
3 4 12.0054
3 5 12.0054
9 7 12.0058
9 8 12.0058
9 10 12.0058
9 11 12.0058
3 1 12.0075
3 2 12.0075
3 4 12.0075
3 5 12.0075
9 7 12.008
9 8 12.008
9 10 12.008
9 11 12.008
3 1 12.0091
3 2 12.0091
3 4 12.0091
3 5 12.0091
9 7 12.0109
9 8 12.0109
9 10 12.0109
9 11 12.0109
9 7 12.0132
9 8 12.0132
9 10 12.0132
9 11 12.0132
3 1 12.0133
3 2 12.0133
3 4 12.0133
3 5 12.0133
9 7 12.0137
9 8 12.0137
9 10 12.0137
9 11 12.0137
2 3 12.0146
2 0 12.0146
2 3 12.0162
2 0 12.0162
2 3 12.0166
2 0 12.0166
6 4 12.0178
6 5 12.0178
6 7 12.0178
6 8 12.0178
11 9 12.0179
11 12 12.0179
11 9 12.0181
11 12 12.0181
2 3 12.0182
2 0 12.0182
11 9 12.0197
11 12 12.0197
2 3 12.0209
2 0 12.0209
11 9 12.0213
11 12 12.0213
9 7 12.0219
9 8 12.0219
9 10 12.0219
9 11 12.0219
2 3 12.0229
2 0 12.0229
11 9 12.0235
11 12 12.0235
2 3 12.0246
2 0 12.0246
11 9 12.0263
11 12 12.0263
2 3 12.0287
2 0 12.0287
11 9 12.0292
11 12 12.0292
0 1 12.0308
0 2 12.0308
0 13 12.0308
0 14 12.0308
0 1 12.0312
0 2 12.0312
0 13 12.0312
0 14 12.0312
0 1 12.0318
0 2 12.0318
0 13 12.0318
0 14 12.0318
12 10 12.0323
12 11 12.0323
12 13 12.0323
12 14 12.0323
0 1 12.0323
0 2 12.0323
0 13 12.0323
0 14 12.0323
12 10 12.0325
12 11 12.0325
12 13 12.0325
12 14 12.0325
12 10 12.0329
12 11 12.0329
12 13 12.0329
12 14 12.0329
12 10 12.0339
12 11 12.0339
12 13 12.0339
12 14 12.0339
0 1 12.0345
0 2 12.0345
0 13 12.0345
0 14 12.0345
0 1 12.0348
0 2 12.0348
0 13 12.0348
0 14 12.0348
12 10 12.0363
12 11 12.0363
12 13 12.0363
12 14 12.0363
11 9 12.0373
11 12 12.0373
12 10 12.0396
12 11 12.0396
12 13 12.0396
12 14 12.0396
0 1 12.043
0 2 12.043
0 13 12.043
0 14 12.043
2 3 12.0449
2 0 12.0449
2 3 12.045
2 0 12.045
11 9 12.0464
11 12 12.0464
11 9 12.0466
11 12 12.0466
2 3 12.0466
2 0 12.0466
11 9 12.0467
11 12 12.0467
2 3 12.0484
2 0 12.0484
11 9 12.0486
11 12 12.0486
12 10 12.0491
12 11 12.0491
12 13 12.0491
12 14 12.0491
11 9 12.0503
11 12 12.0503
11 9 12.0508
11 12 12.0508
2 3 12.0511
2 0 12.0511
11 9 12.0527
11 12 12.0527
2 3 12.0531
2 0 12.0531
11 9 12.0556
11 12 12.0556
2 3 12.0568
2 0 12.0568
11 9 12.0589
11 12 12.0589
2 3 12.0604
2 0 12.0604
0 1 12.0605
0 2 12.0605
0 13 12.0605
0 14 12.0605
11 9 12.062
11 12 12.062
0 1 12.0621
0 2 12.0621
0 13 12.0621
0 14 12.0621
12 10 12.0622
12 11 12.0622
12 13 12.0622
12 14 12.0622
1 3 12.0623
1 0 12.0623
0 1 12.0639
0 2 12.0639
0 13 12.0639
0 14 12.0639
12 10 12.0663
12 11 12.0663
12 13 12.0663
12 14 12.0663
12 10 12.0665
12 11 12.0665
12 13 12.0665
12 14 12.0665
0 1 12.0665
0 2 12.0665
0 13 12.0665
0 14 12.0665
0 1 12.0685
0 2 12.0685
0 13 12.0685
0 14 12.0685
12 10 12.0711
12 11 12.0711
12 13 12.0711
12 14 12.0711
0 1 12.0722
0 2 12.0722
0 13 12.0722
0 14 12.0722
7 6 12.0742
7 9 12.0742
12 10 12.0775
12 11 12.0775
12 13 12.0775
12 14 12.0775
14 0 12.0807
14 12 12.0807
14 0 12.0812
14 12 12.0812
14 0 12.0819
14 12 12.0819
14 0 12.0823
14 12 12.0823
14 0 12.0847
14 12 12.0847
14 0 12.0881
14 12 12.0881
14 0 12.0913
14 12 12.0913
9 7 12.0928
9 8 12.0928
9 10 12.0928
9 11 12.0928
12 10 12.0948
12 11 12.0948
12 13 12.0948
12 14 12.0948
12 10 12.095
12 11 12.095
12 13 12.095
12 14 12.095
12 10 12.0966
12 11 12.0966
12 13 12.0966
12 14 12.0966
12 10 12.0986
12 11 12.0986
12 13 12.0986
12 14 12.0986
12 10 12.1006
12 11 12.1006
12 13 12.1006
12 14 12.1006
12 10 12.103
12 11 12.103
12 13 12.103
12 14 12.103
12 10 12.1054
12 11 12.1054
12 13 12.1054
12 14 12.1054
5 3 12.1054
5 6 12.1054
12 10 12.1071
12 11 12.1071
12 13 12.1071
12 14 12.1071
14 0 12.1104
14 12 12.1104
14 0 12.112
14 12 12.112
14 0 12.1144
14 12 12.1144
14 0 12.116
14 12 12.116
12 10 12.1171
12 11 12.1171
12 13 12.1171
12 14 12.1171
14 0 12.1185
14 12 12.1185
14 0 12.1225
14 12 12.1225
0 1 12.1287
0 2 12.1287
0 13 12.1287
0 14 12.1287
0 1 12.1289
0 2 12.1289
0 13 12.1289
0 14 12.1289
0 1 12.1295
0 2 12.1295
0 13 12.1295
0 14 12.1295
0 1 12.1299
0 2 12.1299
0 13 12.1299
0 14 12.1299
0 1 12.131
0 2 12.131
0 13 12.131
0 14 12.131
14 0 12.1325
14 12 12.1325
0 1 12.133
0 2 12.133
0 13 12.133
0 14 12.133
0 1 12.1366
0 2 12.1366
0 13 12.1366
0 14 12.1366
14 0 12.1429
14 12 12.1429
14 0 12.1431
14 12 12.1431
14 0 12.1433
14 12 12.1433
14 0 12.1451
14 12 12.1451
14 0 12.1452
14 12 12.1452
14 0 12.1472
14 12 12.1472
14 0 12.1474
14 12 12.1474
14 0 12.1495
14 12 12.1495
2 3 12.151
2 0 12.151
14 0 12.1531
14 12 12.1531
14 0 12.1582
14 12 12.1582
0 1 12.1589
0 2 12.1589
0 13 12.1589
0 14 12.1589
0 1 12.1608
0 2 12.1608
0 13 12.1608
0 14 12.1608
14 0 12.161
14 12 12.161
0 1 12.163
0 2 12.163
0 13 12.163
0 14 12.163
0 1 12.1687
0 2 12.1687
0 13 12.1687
0 14 12.1687
0 1 12.1737
0 2 12.1737
0 13 12.1737
0 14 12.1737
0 1 12.1765
0 2 12.1765
0 13 12.1765
0 14 12.1765
8 6 12.2488
8 9 12.2488
0 1 12.2527
0 2 12.2527
0 13 12.2527
0 14 12.2527
11 9 12.3186
11 12 12.3186
10 9 12.3701
10 12 12.3701
6 4 12.3819
6 5 12.3819
6 7 12.3819
6 8 12.3819
3 1 12.4578
3 2 12.4578
3 4 12.4578
3 5 12.4578
4 3 12.4801
4 6 12.4801
12 10 12.4831
12 11 12.4831
12 13 12.4831
12 14 12.4831
13 0 12.4906
13 12 12.4906
14 0 12.4961
14 12 12.4961
8 6 12.6969
8 9 12.6969
1 3 12.9948
1 0 12.9948
7 6 12.9948
7 9 12.9948
1 3 12.9965
1 0 12.9965
7 6 12.9967
7 9 12.9967
7 6 12.9985
7 9 12.9985
1 3 12.9985
1 0 12.9985
1 3 13.0011
1 0 13.0011
7 6 13.0012
7 9 13.0012
7 6 13.0037
7 9 13.0037
1 3 13.0046
1 0 13.0046
1 3 13.0071
1 0 13.0071
3 1 13.0077
3 2 13.0077
3 4 13.0077
3 5 13.0077
3 1 13.0079
3 2 13.0079
3 4 13.0079
3 5 13.0079
9 7 13.0086
9 8 13.0086
9 10 13.0086
9 11 13.0086
9 7 13.0087
9 8 13.0087
9 10 13.0087
9 11 13.0087
3 1 13.0095
3 2 13.0095
3 4 13.0095
3 5 13.0095
7 6 13.0098
7 9 13.0098
9 7 13.0106
9 8 13.0106
9 10 13.0106
9 11 13.0106
1 3 13.0111
1 0 13.0111
3 1 13.0112
3 2 13.0112
3 4 13.0112
3 5 13.0112
9 7 13.0126
9 8 13.0126
9 10 13.0126
9 11 13.0126
3 1 13.0129
3 2 13.0129
3 4 13.0129
3 5 13.0129
3 1 13.0147
3 2 13.0147
3 4 13.0147
3 5 13.0147
9 7 13.0148
9 8 13.0148
9 10 13.0148
9 11 13.0148
9 7 13.0173
9 8 13.0173
9 10 13.0173
9 11 13.0173
3 1 13.0175
3 2 13.0175
3 4 13.0175
3 5 13.0175
7 6 13.0176
7 9 13.0176
9 7 13.0221
9 8 13.0221
9 10 13.0221
9 11 13.0221
2 3 13.0233
2 0 13.0233
2 3 13.0234
2 0 13.0234
3 1 13.024
3 2 13.024
3 4 13.024
3 5 13.024
11 9 13.0242
11 12 13.0242
11 9 13.0243
11 12 13.0243
11 9 13.0262
11 12 13.0262
2 3 13.0266
2 0 13.0266
2 3 13.0268
2 0 13.0268
11 9 13.0278
11 12 13.0278
9 7 13.0278
9 8 13.0278
9 10 13.0278
9 11 13.0278
2 3 13.0285
2 0 13.0285
3 1 13.0291
3 2 13.0291
3 4 13.0291
3 5 13.0291
11 9 13.0302
11 12 13.0302
2 3 13.0309
2 0 13.0309
9 7 13.0315
9 8 13.0315
9 10 13.0315
9 11 13.0315
2 3 13.0335
2 0 13.0335
11 9 13.0337
11 12 13.0337
11 9 13.0358
11 12 13.0358
2 3 13.0367
2 0 13.0367
11 9 13.0382
11 12 13.0382
0 1 13.0389
0 2 13.0389
0 13 13.0389
0 14 13.0389
12 10 13.0398
12 11 13.0398
12 13 13.0398
12 14 13.0398
12 10 13.0398
12 11 13.0398
12 13 13.0398
12 14 13.0398
12 10 13.0416
12 11 13.0416
12 13 13.0416
12 14 13.0416
0 1 13.0422
0 2 13.0422
0 13 13.0422
0 14 13.0422
11 9 13.0433
11 12 13.0433
12 10 13.0437
12 11 13.0437
12 13 13.0437
12 14 13.0437
0 1 13.0439
0 2 13.0439
0 13 13.0439
0 14 13.0439
2 3 13.0446
2 0 13.0446
12 10 13.0459
12 11 13.0459
12 13 13.0459
12 14 13.0459
2 3 13.0461
2 0 13.0461
0 1 13.049
0 2 13.049
0 13 13.049
0 14 13.049
12 10 13.0492
12 11 13.0492
12 13 13.0492
12 14 13.0492
12 10 13.0513
12 11 13.0513
12 13 13.0513
12 14 13.0513
12 10 13.0515
12 11 13.0515
12 13 13.0515
12 14 13.0515
0 1 13.0521
0 2 13.0521
0 13 13.0521
0 14 13.0521
12 10 13.0543
12 11 13.0543
12 13 13.0543
12 14 13.0543
14 0 13.0553
14 12 13.0553
14 0 13.0555
14 12 13.0555
14 0 13.0573
14 12 13.0573
14 0 13.0591
14 12 13.0591
14 0 13.0612
14 12 13.0612
14 0 13.0633
14 12 13.0633
12 10 13.064
12 11 13.064
12 13 13.064
12 14 13.064
14 0 13.0697
14 12 13.0697
0 1 13.071
0 2 13.071
0 13 13.071
0 14 13.071
14 0 13.0714
14 12 13.0714
0 1 13.0728
0 2 13.0728
0 13 13.0728
0 14 13.0728
14 0 13.0737
14 12 13.0737
0 1 13.0747
0 2 13.0747
0 13 13.0747
0 14 13.0747
0 1 13.0767
0 2 13.0767
0 13 13.0767
0 14 13.0767
0 1 13.0788
0 2 13.0788
0 13 13.0788
0 14 13.0788
0 1 13.0893
0 2 13.0893
0 13 13.0893
0 14 13.0893
14 0 14.0012
14 12 14.0012
5 3 14.0269
5 6 14.0269
12 10 14.0648
12 11 14.0648
12 13 14.0648
12 14 14.0648
11 9 14.1258
11 12 14.1258
10 9 14.2145
10 12 14.2145
6 4 14.223
6 5 14.223
6 7 14.223
6 8 14.223
7 6 14.2438
7 9 14.2438
1 3 14.3205
1 0 14.3205
3 1 14.3391
3 2 14.3391
3 4 14.3391
3 5 14.3391
2 3 14.3462
2 0 14.3462
13 0 14.3558
13 12 14.3558
8 6 14.3684
8 9 14.3684
9 7 14.374
9 8 14.374
9 10 14.374
9 11 14.374
4 3 14.4487
4 6 14.4487
0 1 14.4646
0 2 14.4646
0 13 14.4646
0 14 14.4646
1 3 14.9655
1 0 14.9655
7 6 14.9655
7 9 14.9655
1 3 14.9672
1 0 14.9672
7 6 14.9672
7 9 14.9672
7 6 14.9689
7 9 14.9689
1 3 14.9694
1 0 14.9694
7 6 14.9707
7 9 14.9707
1 3 14.9715
1 0 14.9715
7 6 14.9726
7 9 14.9726
1 3 14.9747
1 0 14.9747
7 6 14.9754
7 9 14.9754
3 1 14.9784
3 2 14.9784
3 4 14.9784
3 5 14.9784
3 1 14.9786
3 2 14.9786
3 4 14.9786
3 5 14.9786
1 3 14.9788
1 0 14.9788
9 7 14.9793
9 8 14.9793
9 10 14.9793
9 11 14.9793
9 7 14.9794
9 8 14.9794
9 10 14.9794
9 11 14.9794
7 6 14.9795
7 9 14.9795
3 1 14.9804
3 2 14.9804
3 4 14.9804
3 5 14.9804
9 7 14.9811
9 8 14.9811
9 10 14.9811
9 11 14.9811
3 1 14.9824
3 2 14.9824
3 4 14.9824
3 5 14.9824
1 3 14.9837
1 0 14.9837
3 1 14.9845
3 2 14.9845
3 4 14.9845
3 5 14.9845
9 7 14.9845
9 8 14.9845
9 10 14.9845
9 11 14.9845
9 7 14.9848
9 8 14.9848
9 10 14.9848
9 11 14.9848
9 7 14.9865
9 8 14.9865
9 10 14.9865
9 11 14.9865
3 1 14.9876
3 2 14.9876
3 4 14.9876
3 5 14.9876
3 1 14.9886
3 2 14.9886
3 4 14.9886
3 5 14.9886
9 7 14.9892
9 8 14.9892
9 10 14.9892
9 11 14.9892
9 7 14.9913
9 8 14.9913
9 10 14.9913
9 11 14.9913
3 1 14.9917
3 2 14.9917
3 4 14.9917
3 5 14.9917
3 1 14.9921
3 2 14.9921
3 4 14.9921
3 5 14.9921
2 3 14.9958
2 0 14.9958
2 3 14.996
2 0 14.996
3 1 14.9966
3 2 14.9966
3 4 14.9966
3 5 14.9966
3 1 14.9969
3 2 14.9969
3 4 14.9969
3 5 14.9969
2 3 14.9976
2 0 14.9976
2 3 14.9994
2 0 14.9994
9 7 15.0003
9 8 15.0003
9 10 15.0003
9 11 15.0003
11 9 15.0003
11 12 15.0003
11 9 15.002
11 12 15.002
11 9 15.0021
11 12 15.0021
2 3 15.0022
2 0 15.0022
11 9 15.0037
11 12 15.0037
2 3 15.0048
2 0 15.0048
11 9 15.0067
11 12 15.0067
11 9 15.0069
11 12 15.0069
2 3 15.008
2 0 15.008
11 9 15.0087
11 12 15.0087
11 9 15.011
11 12 15.011
0 1 15.0114
0 2 15.0114
0 13 15.0114
0 14 15.0114
2 3 15.0123
2 0 15.0123
14 0 15.0146
14 12 15.0146
0 1 15.0149
0 2 15.0149
0 13 15.0149
0 14 15.0149
11 9 15.0173
11 12 15.0173
12 10 15.0175
12 11 15.0175
12 13 15.0175
12 14 15.0175
12 10 15.0176
12 11 15.0176
12 13 15.0176
12 14 15.0176
0 1 15.0176
0 2 15.0176
0 13 15.0176
0 14 15.0176
2 3 15.0185
2 0 15.0185
12 10 15.0193
12 11 15.0193
12 13 15.0193
12 14 15.0193
0 1 15.0203
0 2 15.0203
0 13 15.0203
0 14 15.0203
12 10 15.0223
12 11 15.0223
12 13 15.0223
12 14 15.0223
12 10 15.0225
12 11 15.0225
12 13 15.0225
12 14 15.0225
0 1 15.0235
0 2 15.0235
0 13 15.0235
0 14 15.0235
11 9 15.0239
11 12 15.0239
12 10 15.0246
12 11 15.0246
12 13 15.0246
12 14 15.0246
12 10 15.0265
12 11 15.0265
12 13 15.0265
12 14 15.0265
3 1 15.027
3 2 15.027
3 4 15.027
3 5 15.027
12 10 15.0301
12 11 15.0301
12 13 15.0301
12 14 15.0301
12 10 15.0324
12 11 15.0324
12 13 15.0324
12 14 15.0324
0 1 15.034
0 2 15.034
0 13 15.034
0 14 15.034
12 10 15.0394
12 11 15.0394
12 13 15.0394
12 14 15.0394
14 0 15.04
14 12 15.04
14 0 15.0402
14 12 15.0402
14 0 15.0421
14 12 15.0421
14 0 15.0437
14 12 15.0437
14 0 15.0457
14 12 15.0457
14 0 15.048
14 12 15.048
14 0 15.0532
14 12 15.0532
0 1 15.0558
0 2 15.0558
0 13 15.0558
0 14 15.0558
0 1 15.0576
0 2 15.0576
0 13 15.0576
0 14 15.0576
0 1 15.0593
0 2 15.0593
0 13 15.0593
0 14 15.0593
0 1 15.0613
0 2 15.0613
0 13 15.0613
0 14 15.0613
0 1 15.0636
0 2 15.0636
0 13 15.0636
0 14 15.0636
14 0 15.0636
14 12 15.0636
0 1 15.0687
0 2 15.0687
0 13 15.0687
0 14 15.0687
9 7 15.0704
9 8 15.0704
9 10 15.0704
9 11 15.0704
0 1 15.0791
0 2 15.0791
0 13 15.0791
0 14 15.0791
4 3 15.0799
4 6 15.0799
0 1 15.089
0 2 15.089
0 13 15.089
0 14 15.089
12 10 15.1291
12 11 15.1291
12 13 15.1291
12 14 15.1291
8 6 15.1573
8 9 15.1573
11 9 15.2057
11 12 15.2057
6 4 15.2337
6 5 15.2337
6 7 15.2337
6 8 15.2337
14 0 15.285
14 12 15.285
2 3 15.3021
2 0 15.3021
8 6 15.4461
8 9 15.4461
5 3 15.4616
5 6 15.4616
3 1 15.5888
3 2 15.5888
3 4 15.5888
3 5 15.5888
12 10 15.5931
12 11 15.5931
12 13 15.5931
12 14 15.5931
4 3 15.6316
4 6 15.6316
0 1 15.6463
0 2 15.6463
0 13 15.6463
0 14 15.6463
9 7 15.6627
9 8 15.6627
9 10 15.6627
9 11 15.6627
8 6 15.7007
8 9 15.7007
14 0 15.8581
14 12 15.8581
6 4 15.8601
6 5 15.8601
6 7 15.8601
6 8 15.8601
5 3 16.0016
5 6 16.0016
2 3 16.0024
2 0 16.0024
3 1 16.0219
3 2 16.0219
3 4 16.0219
3 5 16.0219
6 4 16.0921
6 5 16.0921
6 7 16.0921
6 8 16.0921
11 9 16.0968
11 12 16.0968
0 1 16.101
0 2 16.101
0 13 16.101
0 14 16.101
2 3 16.12
2 0 16.12
14 0 16.1229
14 12 16.1229
1 3 16.1304
1 0 16.1304
8 6 16.1688
8 9 16.1688
10 9 16.2187
10 12 16.2187
4 3 16.2536
4 6 16.2536
7 6 16.2844
7 9 16.2844
13 0 16.3459
13 12 16.3459
12 10 16.3552
12 11 16.3552
12 13 16.3552
12 14 16.3552
9 7 16.4205
9 8 16.4205
9 10 16.4205
9 11 16.4205
11 9 16.5291
11 12 16.5291
1 3 16.9362
1 0 16.9362
7 6 16.9362
7 9 16.9362
1 3 16.9379
1 0 16.9379
7 6 16.9381
7 9 16.9381
1 3 16.9395
1 0 16.9395
7 6 16.94
7 9 16.94
1 3 16.9413
1 0 16.9413
7 6 16.9421
7 9 16.9421
7 6 16.9442
7 9 16.9442
1 3 16.9444
1 0 16.9444
7 6 16.9483
7 9 16.9483
3 1 16.9491
3 2 16.9491
3 4 16.9491
3 5 16.9491
1 3 16.9492
1 0 16.9492
9 7 16.95
9 8 16.95
9 10 16.95
9 11 16.95
9 7 16.9503
9 8 16.9503
9 10 16.9503
9 11 16.9503
3 1 16.9508
3 2 16.9508
3 4 16.9508
3 5 16.9508
3 1 16.9509
3 2 16.9509
3 4 16.9509
3 5 16.9509
9 7 16.9519
9 8 16.9519
9 10 16.9519
9 11 16.9519
3 1 16.9526
3 2 16.9526
3 4 16.9526
3 5 16.9526
9 7 16.9536
9 8 16.9536
9 10 16.9536
9 11 16.9536
3 1 16.9547
3 2 16.9547
3 4 16.9547
3 5 16.9547
9 7 16.9555
9 8 16.9555
9 10 16.9555
9 11 16.9555
7 6 16.9556
7 9 16.9556
1 3 16.9567
1 0 16.9567
3 1 16.9568
3 2 16.9568
3 4 16.9568
3 5 16.9568
9 7 16.9587
9 8 16.9587
9 10 16.9587
9 11 16.9587
3 1 16.959
3 2 16.959
3 4 16.959
3 5 16.959
9 7 16.9621
9 8 16.9621
9 10 16.9621
9 11 16.9621
3 1 16.9622
3 2 16.9622
3 4 16.9622
3 5 16.9622
3 1 16.9635
3 2 16.9635
3 4 16.9635
3 5 16.9635
9 7 16.9644
9 8 16.9644
9 10 16.9644
9 11 16.9644
11 9 16.9657
11 12 16.9657
11 9 16.9659
11 12 16.9659
3 1 16.9662
3 2 16.9662
3 4 16.9662
3 5 16.9662
2 3 16.9663
2 0 16.9663
2 3 16.9664
2 0 16.9664
2 3 16.9681
2 0 16.9681
11 9 16.9691
11 12 16.9691
9 7 16.9694
9 8 16.9694
9 10 16.9694
9 11 16.9694
3 1 16.9696
3 2 16.9696
3 4 16.9696
3 5 16.9696
2 3 16.97
2 0 16.97
11 9 16.9709
11 12 16.9709
2 3 16.9716
2 0 16.9716
9 7 16.9718
9 8 16.9718
9 10 16.9718
9 11 16.9718
11 9 16.9751
11 12 16.9751
2 3 16.9753
2 0 16.9753
2 3 16.979
2 0 16.979
2 3 16.9798
2 0 16.9798
11 9 16.9798
11 12 16.9798
11 9 16.9803
11 12 16.9803
12 10 16.9813
12 11 16.9813
12 13 16.9813
12 14 16.9813
12 10 16.9815
12 11 16.9815
12 13 16.9815
12 14 16.9815
0 1 16.9819
0 2 16.9819
0 13 16.9819
0 14 16.9819
2 3 16.9838
2 0 16.9838
11 9 16.984
11 12 16.984
12 10 16.9846
12 11 16.9846
12 13 16.9846
12 14 16.9846
12 10 16.9848
12 11 16.9848
12 13 16.9848
12 14 16.9848
0 1 16.9854
0 2 16.9854
0 13 16.9854
0 14 16.9854
12 10 16.9869
12 11 16.9869
12 13 16.9869
12 14 16.9869
0 1 16.9871
0 2 16.9871
0 13 16.9871
0 14 16.9871
11 9 16.9872
11 12 16.9872
12 10 16.9906
12 11 16.9906
12 13 16.9906
12 14 16.9906
12 10 16.9907
12 11 16.9907
12 13 16.9907
12 14 16.9907
0 1 16.9908
0 2 16.9908
0 13 16.9908
0 14 16.9908
11 9 16.9914
11 12 16.9914
12 10 16.9923
12 11 16.9923
12 13 16.9923
12 14 16.9923
0 1 16.9953
0 2 16.9953
0 13 16.9953
0 14 16.9953
12 10 16.9958
12 11 16.9958
12 13 16.9958
12 14 16.9958
12 10 16.9968
12 11 16.9968
12 13 16.9968
12 14 16.9968
0 1 16.9992
0 2 16.9992
0 13 16.9992
0 14 16.9992
12 10 16.9997
12 11 16.9997
12 13 16.9997
12 14 16.9997
12 10 17.0069
12 11 17.0069
12 13 17.0069
12 14 17.0069
14 0 17.0078
14 12 17.0078
14 0 17.0079
14 12 17.0079
14 0 17.0096
14 12 17.0096
14 0 17.0114
14 12 17.0114
14 0 17.0152
14 12 17.0152
14 0 17.0156
14 12 17.0156
14 0 17.0188
14 12 17.0188
0 1 17.0234
0 2 17.0234
0 13 17.0234
0 14 17.0234
14 0 17.0235
14 12 17.0235
0 1 17.0251
0 2 17.0251
0 13 17.0251
0 14 17.0251
14 0 17.0269
14 12 17.0269
0 1 17.027
0 2 17.027
0 13 17.027
0 14 17.027
0 1 17.0311
0 2 17.0311
0 13 17.0311
0 14 17.0311
0 1 17.0424
0 2 17.0424
0 13 17.0424
0 14 17.0424
10 9 18.0079
10 12 18.0079
14 0 18.0156
14 12 18.0156
0 1 18.0664
0 2 18.0664
0 13 18.0664
0 14 18.0664
11 9 18.2076
11 12 18.2076
9 7 18.2186
9 8 18.2186
9 10 18.2186
9 11 18.2186
7 6 18.2472
7 9 18.2472
4 3 18.277
4 6 18.277
3 1 18.3043
3 2 18.3043
3 4 18.3043
3 5 18.3043
6 4 18.3107
6 5 18.3107
6 7 18.3107
6 8 18.3107
8 6 18.3199
8 9 18.3199
13 0 18.3638
13 12 18.3638
5 3 18.3674
5 6 18.3674
2 3 18.401
2 0 18.401
1 3 18.4324
1 0 18.4324
12 10 18.4862
12 11 18.4862
12 13 18.4862
12 14 18.4862
1 3 18.9069
1 0 18.9069
7 6 18.9069
7 9 18.9069
7 6 18.9086
7 9 18.9086
1 3 18.9086
1 0 18.9086
7 6 18.9103
7 9 18.9103
1 3 18.9106
1 0 18.9106
1 3 18.9127
1 0 18.9127
7 6 18.9127
7 9 18.9127
1 3 18.9145
1 0 18.9145
7 6 18.9155
7 9 18.9155
7 6 18.9185
7 9 18.9185
3 1 18.9198
3 2 18.9198
3 4 18.9198
3 5 18.9198
3 1 18.9199
3 2 18.9199
3 4 18.9199
3 5 18.9199
1 3 18.9205
1 0 18.9205
9 7 18.9207
9 8 18.9207
9 10 18.9207
9 11 18.9207
3 1 18.9216
3 2 18.9216
3 4 18.9216
3 5 18.9216
9 7 18.9224
9 8 18.9224
9 10 18.9224
9 11 18.9224
9 7 18.9225
9 8 18.9225
9 10 18.9225
9 11 18.9225
3 1 18.9233
3 2 18.9233
3 4 18.9233
3 5 18.9233
9 7 18.9244
9 8 18.9244
9 10 18.9244
9 11 18.9244
1 3 18.9246
1 0 18.9246
3 1 18.9252
3 2 18.9252
3 4 18.9252
3 5 18.9252
9 7 18.9264
9 8 18.9264
9 10 18.9264
9 11 18.9264
3 1 18.9272
3 2 18.9272
3 4 18.9272
3 5 18.9272
7 6 18.9278
7 9 18.9278
9 7 18.9289
9 8 18.9289
9 10 18.9289
9 11 18.9289
9 7 18.9324
9 8 18.9324
9 10 18.9324
9 11 18.9324
9 7 18.9333
9 8 18.9333
9 10 18.9333
9 11 18.9333
3 1 18.9334
3 2 18.9334
3 4 18.9334
3 5 18.9334
3 1 18.934
3 2 18.934
3 4 18.934
3 5 18.934
2 3 18.9354
2 0 18.9354
2 3 18.9355
2 0 18.9355
2 3 18.9372
2 0 18.9372
3 1 18.9375
3 2 18.9375
3 4 18.9375
3 5 18.9375
9 7 18.9377
9 8 18.9377
9 10 18.9377
9 11 18.9377
11 9 18.938
11 12 18.938
11 9 18.9381
11 12 18.9381
3 1 18.9389
3 2 18.9389
3 4 18.9389
3 5 18.9389
9 7 18.9398
9 8 18.9398
9 10 18.9398
9 11 18.9398
11 9 18.9399
11 12 18.9399
2 3 18.9406
2 0 18.9406
2 3 18.9407
2 0 18.9407
11 9 18.942
11 12 18.942
2 3 18.9428
2 0 18.9428
11 9 18.944
11 12 18.944
11 9 18.9456
11 12 18.9456
2 3 18.9459
2 0 18.9459
11 9 18.9487
11 12 18.9487
2 3 18.9494
2 0 18.9494
11 9 18.9495
11 12 18.9495
2 3 18.9501
2 0 18.9501
0 1 18.951
0 2 18.951
0 13 18.951
0 14 18.951
0 1 18.9526
0 2 18.9526
0 13 18.9526
0 14 18.9526
11 9 18.9531
11 12 18.9531
12 10 18.9535
12 11 18.9535
12 13 18.9535
12 14 18.9535
12 10 18.9536
12 11 18.9536
12 13 18.9536
12 14 18.9536
2 3 18.9543
2 0 18.9543
11 9 18.9553
11 12 18.9553
12 10 18.9554
12 11 18.9554
12 13 18.9554
12 14 18.9554
2 3 18.9557
2 0 18.9557
0 1 18.9562
0 2 18.9562
0 13 18.9562
0 14 18.9562
11 9 18.9574
11 12 18.9574
12 10 18.9574
12 11 18.9574
12 13 18.9574
12 14 18.9574
0 1 18.9583
0 2 18.9583
0 13 18.9583
0 14 18.9583
12 10 18.9596
12 11 18.9596
12 13 18.9596
12 14 18.9596
0 1 18.9614
0 2 18.9614
0 13 18.9614
0 14 18.9614
12 10 18.9633
12 11 18.9633
12 13 18.9633
12 14 18.9633
0 1 18.9655
0 2 18.9655
0 13 18.9655
0 14 18.9655
12 10 18.9656
12 11 18.9656
12 13 18.9656
12 14 18.9656
14 0 18.969
14 12 18.969
14 0 18.9692
14 12 18.9692
14 0 18.9709
14 12 18.9709
0 1 18.9712
0 2 18.9712
0 13 18.9712
0 14 18.9712
12 10 18.9728
12 11 18.9728
12 13 18.9728
12 14 18.9728
14 0 18.973
14 12 18.973
12 10 18.9743
12 11 18.9743
12 13 18.9743
12 14 18.9743
14 0 18.9746
14 12 18.9746
14 0 18.9762
14 12 18.9762
14 0 18.9828
14 12 18.9828
0 1 18.9865
0 2 18.9865
0 13 18.9865
0 14 18.9865
0 1 18.9885
0 2 18.9885
0 13 18.9885
0 14 18.9885
14 0 18.9897
14 12 18.9897
0 1 18.9901
0 2 18.9901
0 13 18.9901
0 14 18.9901
14 0 18.9919
14 12 18.9919
0 1 18.9984
0 2 18.9984
0 13 18.9984
0 14 18.9984
0 1 19.0074
0 2 19.0074
0 13 19.0074
0 14 19.0074
1 3 19.9776
1 0 19.9776
7 6 19.9776
7 9 19.9776
1 3 19.9792
1 0 19.9792
7 6 19.9794
7 9 19.9794
1 3 19.9811
1 0 19.9811
7 6 19.9815
7 9 19.9815
1 3 19.9835
1 0 19.9835
7 6 19.984
7 9 19.984
7 6 19.9862
7 9 19.9862
1 3 19.987
1 0 19.987
7 6 19.9892
7 9 19.9892
3 1 19.9905
3 2 19.9905
3 4 19.9905
3 5 19.9905
3 1 19.9906
3 2 19.9906
3 4 19.9906
3 5 19.9906
1 3 19.9908
1 0 19.9908
9 7 19.9914
9 8 19.9914
9 10 19.9914
9 11 19.9914
9 7 19.9915
9 8 19.9915
9 10 19.9915
9 11 19.9915
3 1 19.9923
3 2 19.9923
3 4 19.9923
3 5 19.9923
9 7 19.9932
9 8 19.9932
9 10 19.9932
9 11 19.9932
3 1 19.9939
3 2 19.9939
3 4 19.9939
3 5 19.9939
9 7 19.9952
9 8 19.9952
9 10 19.9952
9 11 19.9952
3 1 19.9962
3 2 19.9962
3 4 19.9962
3 5 19.9962
1 3 19.9962
1 0 19.9962
9 7 19.9975
9 8 19.9975
9 10 19.9975
9 11 19.9975
7 6 19.9989
7 9 19.9989
3 1 19.9999
3 2 19.9999
3 4 19.9999
3 5 19.9999
9 7 20.0005
9 8 20.0005
9 10 20.0005
9 11 20.0005
3 1 20.0009
3 2 20.0009
3 4 20.0009
3 5 20.0009
3 1 20.0026
3 2 20.0026
3 4 20.0026
3 5 20.0026
2 3 20.006
2 0 20.006
2 3 20.0061
2 0 20.0061
9 7 20.0062
9 8 20.0062
9 10 20.0062
9 11 20.0062
3 1 20.0068
3 2 20.0068
3 4 20.0068
3 5 20.0068
11 9 20.007
11 12 20.007
11 9 20.0071
11 12 20.0071
2 3 20.0077
2 0 20.0077
11 9 20.0089
11 12 20.0089
2 3 20.0094
2 0 20.0094
11 9 20.0107
11 12 20.0107
2 3 20.012
2 0 20.012
9 7 20.0127
9 8 20.0127
9 10 20.0127
9 11 20.0127
11 9 20.013
11 12 20.013
11 9 20.016
11 12 20.016
2 3 20.0163
2 0 20.0163
9 7 20.0172
9 8 20.0172
9 10 20.0172
9 11 20.0172
11 9 20.0174
11 12 20.0174
2 3 20.0181
2 0 20.0181
2 3 20.0186
2 0 20.0186
0 1 20.0216
0 2 20.0216
0 13 20.0216
0 14 20.0216
11 9 20.0217
11 12 20.0217
11 9 20.0221
11 12 20.0221
2 3 20.0223
2 0 20.0223
12 10 20.0226
12 11 20.0226
12 13 20.0226
12 14 20.0226
12 10 20.0227
12 11 20.0227
12 13 20.0227
12 14 20.0227
0 1 20.0232
0 2 20.0232
0 13 20.0232
0 14 20.0232
2 3 20.0245
2 0 20.0245
12 10 20.0246
12 11 20.0246
12 13 20.0246
12 14 20.0246
0 1 20.0248
0 2 20.0248
0 13 20.0248
0 14 20.0248
12 10 20.0264
12 11 20.0264
12 13 20.0264
12 14 20.0264
0 1 20.0274
0 2 20.0274
0 13 20.0274
0 14 20.0274
2 3 20.0285
2 0 20.0285
12 10 20.0289
12 11 20.0289
12 13 20.0289
12 14 20.0289
11 9 20.031
11 12 20.031
12 10 20.031
12 11 20.031
12 13 20.031
12 14 20.031
12 10 20.0375
12 11 20.0375
12 13 20.0375
12 14 20.0375
12 10 20.0378
12 11 20.0378
12 13 20.0378
12 14 20.0378
12 10 20.0409
12 11 20.0409
12 13 20.0409
12 14 20.0409
0 1 20.0439
0 2 20.0439
0 13 20.0439
0 14 20.0439
14 0 20.0443
14 12 20.0443
14 0 20.0445
14 12 20.0445
14 0 20.0462
14 12 20.0462
14 0 20.0478
14 12 20.0478
14 0 20.0498
14 12 20.0498
14 0 20.0536
14 12 20.0536
14 0 20.0553
14 12 20.0553
0 1 20.0601
0 2 20.0601
0 13 20.0601
0 14 20.0601
14 0 20.0639
14 12 20.0639
0 1 20.0654
0 2 20.0654
0 13 20.0654
0 14 20.0654
0 1 20.0692
0 2 20.0692
0 13 20.0692
0 14 20.0692
0 1 20.0708
0 2 20.0708
0 13 20.0708
0 14 20.0708
0 1 20.0795
0 2 20.0795
0 13 20.0795
0 14 20.0795
12 10 20.136
12 11 20.136
12 13 20.136
12 14 20.136
7 6 20.1585
7 9 20.1585
14 0 20.1711
14 12 20.1711
11 9 20.1857
11 12 20.1857
3 1 20.19
3 2 20.19
3 4 20.19
3 5 20.19
4 3 20.1941
4 6 20.1941
2 3 20.2245
2 0 20.2245
6 4 20.2328
6 5 20.2328
6 7 20.2328
6 8 20.2328
0 1 20.2843
0 2 20.2843
0 13 20.2843
0 14 20.2843
1 3 20.2913
1 0 20.2913
9 7 20.3068
9 8 20.3068
9 10 20.3068
9 11 20.3068
10 9 20.3603
10 12 20.3603
8 6 20.375
8 9 20.375
5 3 20.3866
5 6 20.3866
13 0 20.4145
13 12 20.4145
3 1 20.5612
3 2 20.5612
3 4 20.5612
3 5 20.5612
11 9 20.5707
11 12 20.5707
9 7 20.6293
9 8 20.6293
9 10 20.6293
9 11 20.6293
12 10 20.6535
12 11 20.6535
12 13 20.6535
12 14 20.6535
2 3 20.6771
2 0 20.6771
5 3 20.7315
5 6 20.7315
0 1 20.7519
0 2 20.7519
0 13 20.7519
0 14 20.7519
14 0 20.7809
14 12 20.7809
6 4 20.8003
6 5 20.8003
6 7 20.8003
6 8 20.8003
11 9 20.829
11 12 20.829
5 3 20.8574
5 6 20.8574
0 1 20.8697
0 2 20.8697
0 13 20.8697
0 14 20.8697
9 7 20.911
9 8 20.911
9 10 20.911
9 11 20.911
3 1 20.985
3 2 20.985
3 4 20.985
3 5 20.985
8 6 21.0015
8 9 21.0015
2 3 21.1453
2 0 21.1453
9 7 21.166
9 8 21.166
9 10 21.166
9 11 21.166
6 4 21.1861
6 5 21.1861
6 7 21.1861
6 8 21.1861
12 10 21.1909
12 11 21.1909
12 13 21.1909
12 14 21.1909
0 1 21.1911
0 2 21.1911
0 13 21.1911
0 14 21.1911
11 9 21.2928
11 12 21.2928
5 3 21.3013
5 6 21.3013
6 4 21.4033
6 5 21.4033
6 7 21.4033
6 8 21.4033
14 0 21.4624
14 12 21.4624
8 6 21.6502
8 9 21.6502
9 7 21.8219
9 8 21.8219
9 10 21.8219
9 11 21.8219
1 3 22.0047
1 0 22.0047
4 3 22.0205
4 6 22.0205
10 9 22.0896
10 12 22.0896
8 6 22.1275
8 9 22.1275
5 3 22.1398
5 6 22.1398
11 9 22.162
11 12 22.162
7 6 22.1707
7 9 22.1707
0 1 22.2081
0 2 22.2081
0 13 22.2081
0 14 22.2081
6 4 22.2179
6 5 22.2179
6 7 22.2179
6 8 22.2179
2 3 22.2803
2 0 22.2803
12 10 22.4016
12 11 22.4016
12 13 22.4016
12 14 22.4016
3 1 22.4016
3 2 22.4016
3 4 22.4016
3 5 22.4016
13 0 22.4053
13 12 22.4053
14 0 22.4275
14 12 22.4275
9 7 22.4455
9 8 22.4455
9 10 22.4455
9 11 22.4455
11 9 24.0284
11 12 24.0284
0 1 24.0386
0 2 24.0386
0 13 24.0386
0 14 24.0386
2 3 24.1258
2 0 24.1258
5 3 24.1379
5 6 24.1379
7 6 24.147
7 9 24.147
6 4 24.2034
6 5 24.2034
6 7 24.2034
6 8 24.2034
1 3 24.2478
1 0 24.2478
12 10 24.2675
12 11 24.2675
12 13 24.2675
12 14 24.2675
8 6 24.2728
8 9 24.2728
3 1 24.3026
3 2 24.3026
3 4 24.3026
3 5 24.3026
13 0 24.3152
13 12 24.3152
9 7 24.3927
9 8 24.3927
9 10 24.3927
9 11 24.3927
14 0 24.3944
14 12 24.3944
10 9 24.3972
10 12 24.3972
4 3 24.4749
4 6 24.4749
