Waf: Entering directory `/home/limemnghui/ns-allinone-3.27/ns-3.27/build'
Waf: Leaving directory `/home/limemnghui/ns-allinone-3.27/ns-3.27/build'
Build commands will be stored in build/compile_commands.json
'build' finished successfully (1.316s)
1 3 0.0656001
1 0 0.0656001
9 7 0.0792821
9 8 0.0792821
9 10 0.0792821
9 11 0.0792821
13 0 0.0914463
13 12 0.0914463
11 9 0.138241
11 12 0.138241
3 1 0.171372
3 2 0.171372
3 4 0.171372
3 5 0.171372
4 3 0.181616
4 6 0.181616
12 10 0.208955
12 11 0.208955
12 13 0.208955
12 14 0.208955
5 3 0.214875
5 6 0.214875
0 1 0.282302
0 2 0.282302
0 13 0.282302
0 14 0.282302
8 6 0.377299
8 9 0.377299
10 9 0.424754
10 12 0.424754
14 0 0.435759
14 12 0.435759
6 4 0.443213
6 5 0.443213
6 7 0.443213
6 8 0.443213
2 3 0.473269
2 0 0.473269
7 6 0.494922
7 9 0.494922
1 3 2.08624
1 0 2.08624
12 10 2.13272
12 11 2.13272
12 13 2.13272
12 14 2.13272
10 9 2.14385
10 12 2.14385
8 6 2.16893
8 9 2.16893
3 1 2.21496
3 2 2.21496
3 4 2.21496
3 5 2.21496
13 0 2.21856
13 12 2.21856
14 0 2.23451
14 12 2.23451
11 9 2.24956
11 12 2.24956
2 3 2.27222
2 0 2.27222
9 7 2.31035
9 8 2.31035
9 10 2.31035
9 11 2.31035
4 3 2.31064
4 6 2.31064
5 3 2.39737
5 6 2.39737
7 6 2.42735
7 9 2.42735
6 4 2.48685
6 5 2.48685
6 7 2.48685
6 8 2.48685
0 1 2.48937
0 2 2.48937
0 13 2.48937
0 14 2.48937
5 3 4.03439
5 6 4.03439
13 0 4.06787
13 12 4.06787
6 4 4.09231
6 5 4.09231
6 7 4.09231
6 8 4.09231
2 3 4.16836
2 0 4.16836
8 6 4.18721
8 9 4.18721
3 1 4.20233
3 2 4.20233
3 4 4.20233
3 5 4.20233
11 9 4.33501
11 12 4.33501
0 1 4.34876
0 2 4.34876
0 13 4.34876
0 14 4.34876
4 3 4.35085
4 6 4.35085
10 9 4.36968
10 12 4.36968
12 10 4.42358
12 11 4.42358
12 13 4.42358
12 14 4.42358
9 7 4.43484
9 8 4.43484
9 10 4.43484
9 11 4.43484
1 3 4.44208
1 0 4.44208
7 6 4.49158
7 9 4.49158
14 0 4.4988
14 12 4.4988
8 6 6.03529
8 9 6.03529
4 3 6.05297
4 6 6.05297
12 10 6.05344
12 11 6.05344
12 13 6.05344
12 14 6.05344
2 3 6.05641
2 0 6.05641
3 1 6.06342
3 2 6.06342
3 4 6.06342
3 5 6.06342
9 7 6.09043
9 8 6.09043
9 10 6.09043
9 11 6.09043
7 6 6.11272
7 9 6.11272
0 1 6.12283
0 2 6.12283
0 13 6.12283
0 14 6.12283
14 0 6.12332
14 12 6.12332
1 3 6.18132
1 0 6.18132
11 9 6.19884
11 12 6.19884
10 9 6.24045
10 12 6.24045
13 0 6.27329
13 12 6.27329
6 4 6.2924
6 5 6.2924
6 7 6.2924
6 8 6.2924
5 3 6.35757
5 6 6.35757
14 0 8.03714
14 12 8.03714
2 3 8.07881
2 0 8.07881
6 4 8.13245
6 5 8.13245
6 7 8.13245
6 8 8.13245
12 10 8.14789
12 11 8.14789
12 13 8.14789
12 14 8.14789
8 6 8.14925
8 9 8.14925
5 3 8.15068
5 6 8.15068
10 9 8.19682
10 12 8.19682
1 3 8.29817
1 0 8.29817
11 9 8.33222
11 12 8.33222
0 1 8.35623
0 2 8.35623
0 13 8.35623
0 14 8.35623
13 0 8.35638
13 12 8.35638
7 6 8.4187
7 9 8.4187
9 7 8.42954
9 8 8.42954
9 10 8.42954
9 11 8.42954
3 1 8.45109
3 2 8.45109
3 4 8.45109
3 5 8.45109
4 3 8.46796
4 6 8.46796
5 3 10.0722
5 6 10.0722
12 10 10.1488
12 11 10.1488
12 13 10.1488
12 14 10.1488
8 6 10.1787
8 9 10.1787
13 0 10.3118
13 12 10.3118
7 6 10.3273
7 9 10.3273
11 9 10.3736
11 12 10.3736
1 3 10.3867
1 0 10.3867
9 7 10.3907
9 8 10.3907
9 10 10.3907
9 11 10.3907
6 4 10.3923
6 5 10.3923
6 7 10.3923
6 8 10.3923
2 3 10.4429
2 0 10.4429
14 0 10.4431
14 12 10.4431
3 1 10.4621
3 2 10.4621
3 4 10.4621
3 5 10.4621
10 9 10.469
10 12 10.469
4 3 10.4741
4 6 10.4741
0 1 10.4943
0 2 10.4943
0 13 10.4943
0 14 10.4943
14 0 10.5109
14 12 10.5109
12 10 10.6824
12 11 10.6824
12 13 10.6824
12 14 10.6824
8 6 10.6826
8 9 10.6826
5 3 10.7761
5 6 10.7761
11 9 10.7858
11 12 10.7858
2 3 10.8145
2 0 10.8145
6 4 10.8477
6 5 10.8477
6 7 10.8477
6 8 10.8477
0 1 10.9135
0 2 10.9135
0 13 10.9135
0 14 10.9135
3 1 11.0064
3 2 11.0064
3 4 11.0064
3 5 11.0064
14 0 11.0568
14 12 11.0568
9 7 11.1122
9 8 11.1122
9 10 11.1122
9 11 11.1122
11 9 11.1382
11 12 11.1382
12 10 11.201
12 11 11.201
12 13 11.201
12 14 11.201
8 6 11.3256
8 9 11.3256
2 3 11.3703
2 0 11.3703
14 0 11.3889
14 12 11.3889
0 1 11.4398
0 2 11.4398
0 13 11.4398
0 14 11.4398
11 9 11.494
11 12 11.494
2 3 11.605
2 0 11.605
6 4 11.7405
6 5 11.7405
6 7 11.7405
6 8 11.7405
9 7 11.8014
9 8 11.8014
9 10 11.8014
9 11 11.8014
14 0 11.9501
14 12 11.9501
14 0 12.0012
14 12 12.0012
4 3 12.0224
4 6 12.0224
6 4 12.0597
6 5 12.0597
6 7 12.0597
6 8 12.0597
1 3 12.0623
1 0 12.0623
7 6 12.0742
7 9 12.0742
3 1 12.0768
3 2 12.0768
3 4 12.0768
3 5 12.0768
9 7 12.0928
9 8 12.0928
9 10 12.0928
9 11 12.0928
5 3 12.2162
5 6 12.2162
8 6 12.2488
8 9 12.2488
3 1 12.2574
3 2 12.2574
3 4 12.2574
3 5 12.2574
11 9 12.3186
11 12 12.3186
2 3 12.3462
2 0 12.3462
10 9 12.3701
10 12 12.3701
12 10 12.4474
12 11 12.4474
12 13 12.4474
12 14 12.4474
0 1 12.4646
0 2 12.4646
0 13 12.4646
0 14 12.4646
13 0 12.4906
13 12 12.4906
6 4 12.4927
6 5 12.4927
6 7 12.4927
6 8 12.4927
11 9 12.5874
11 12 12.5874
8 6 12.8077
8 9 12.8077
14 0 14.0146
14 12 14.0146
4 3 14.0748
4 6 14.0748
0 1 14.089
0 2 14.089
0 13 14.089
0 14 14.089
12 10 14.1291
12 11 14.1291
12 13 14.1291
12 14 14.1291
5 3 14.1518
5 6 14.1518
3 1 14.1695
3 2 14.1695
3 4 14.1695
3 5 14.1695
11 9 14.2057
11 12 14.2057
10 9 14.2145
10 12 14.2145
6 4 14.223
6 5 14.223
6 7 14.223
6 8 14.223
2 3 14.2294
2 0 14.2294
7 6 14.2438
7 9 14.2438
1 3 14.3205
1 0 14.3205
13 0 14.3558
13 12 14.3558
8 6 14.3684
8 9 14.3684
9 7 14.374
9 8 14.374
9 10 14.374
9 11 14.374
12 10 15.0233
12 11 15.0233
12 13 15.0233
12 14 15.0233
9 7 15.0704
9 8 15.0704
9 10 15.0704
9 11 15.0704
2 3 15.12
2 0 15.12
11 9 15.1356
11 12 15.1356
8 6 15.1573
8 9 15.1573
14 0 15.1818
14 12 15.1818
6 4 15.2337
6 5 15.2337
6 7 15.2337
6 8 15.2337
0 1 15.3911
0 2 15.3911
0 13 15.3911
0 14 15.3911
5 3 15.4054
5 6 15.4054
3 1 15.4149
3 2 15.4149
3 4 15.4149
3 5 15.4149
8 6 15.4461
8 9 15.4461
12 10 15.5229
12 11 15.5229
12 13 15.5229
12 14 15.5229
9 7 15.641
9 8 15.641
9 10 15.641
9 11 15.641
6 4 15.6803
6 5 15.6803
6 7 15.6803
6 8 15.6803
3 1 15.7142
3 2 15.7142
3 4 15.7142
3 5 15.7142
14 0 15.788
14 12 15.788
2 3 15.8045
2 0 15.8045
8 6 15.8414
8 9 15.8414
5 3 15.928
5 6 15.928
3 1 16.0219
3 2 16.0219
3 4 16.0219
3 5 16.0219
11 9 16.0266
11 12 16.0266
0 1 16.0308
0 2 16.0308
0 13 16.0308
0 14 16.0308
4 3 16.1263
4 6 16.1263
1 3 16.1304
1 0 16.1304
9 7 16.1341
9 8 16.1341
9 10 16.1341
9 11 16.1341
5 3 16.1628
5 6 16.1628
10 9 16.2187
10 12 16.2187
6 4 16.2398
6 5 16.2398
6 7 16.2398
6 8 16.2398
7 6 16.2844
7 9 16.2844
14 0 16.329
14 12 16.329
13 0 16.3459
13 12 16.3459
11 9 16.3566
11 12 16.3566
2 3 16.401
2 0 16.401
8 6 16.4789
8 9 16.4789
12 10 16.4828
12 11 16.4828
12 13 16.4828
12 14 16.4828
3 1 16.5763
3 2 16.5763
3 4 16.5763
3 5 16.5763
6 4 16.5852
6 5 16.5852
6 7 16.5852
6 8 16.5852
9 7 16.5869
9 8 16.5869
9 10 16.5869
9 11 16.5869
5 3 16.6215
5 6 16.6215
11 9 16.6567
11 12 16.6567
12 10 16.6786
12 11 16.6786
12 13 16.6786
12 14 16.6786
3 1 16.6901
3 2 16.6901
3 4 16.6901
3 5 16.6901
14 0 16.7401
14 12 16.7401
12 10 18.0069
12 11 18.0069
12 13 18.0069
12 14 18.0069
10 9 18.0079
10 12 18.0079
5 3 18.0534
5 6 18.0534
8 6 18.056
8 9 18.056
0 1 18.0664
0 2 18.0664
0 13 18.0664
0 14 18.0664
6 4 18.0724
6 5 18.0724
6 7 18.0724
6 8 18.0724
11 9 18.0808
11 12 18.0808
14 0 18.1377
14 12 18.1377
4 3 18.1485
4 6 18.1485
3 1 18.19
3 2 18.19
3 4 18.19
3 5 18.19
7 6 18.2472
7 9 18.2472
9 7 18.2636
9 8 18.2636
9 10 18.2636
9 11 18.2636
2 3 18.3201
2 0 18.3201
13 0 18.3638
13 12 18.3638
1 3 18.4324
1 0 18.4324
14 0 20.0156
14 12 20.0156
5 3 20.0298
5 6 20.0298
2 3 20.059
2 0 20.059
9 7 20.1271
9 8 20.1271
9 10 20.1271
9 11 20.1271
7 6 20.1585
7 9 20.1585
3 1 20.1931
3 2 20.1931
3 4 20.1931
3 5 20.1931
11 9 20.2076
11 12 20.2076
6 4 20.2392
6 5 20.2392
6 7 20.2392
6 8 20.2392
5 3 20.25
5 6 20.25
0 1 20.2843
0 2 20.2843
0 13 20.2843
0 14 20.2843
1 3 20.2913
1 0 20.2913
6 4 20.3197
6 5 20.3197
6 7 20.3197
6 8 20.3197
10 9 20.3603
10 12 20.3603
2 3 20.373
2 0 20.373
5 3 20.3841
5 6 20.3841
13 0 20.4145
13 12 20.4145
8 6 20.4312
8 9 20.4312
4 3 20.4801
4 6 20.4801
14 0 20.4834
14 12 20.4834
12 10 20.4862
12 11 20.4862
12 13 20.4862
12 14 20.4862
11 9 20.5097
11 12 20.5097
9 7 20.5286
9 8 20.5286
9 10 20.5286
9 11 20.5286
0 1 20.5873
0 2 20.5873
0 13 20.5873
0 14 20.5873
3 1 20.6808
3 2 20.6808
3 4 20.6808
3 5 20.6808
11 9 20.7285
11 12 20.7285
5 3 20.8225
5 6 20.8225
6 4 20.8671
6 5 20.8671
6 7 20.8671
6 8 20.8671
8 6 20.8894
8 9 20.8894
12 10 20.9077
12 11 20.9077
12 13 20.9077
12 14 20.9077
6 4 20.9323
6 5 20.9323
6 7 20.9323
6 8 20.9323
2 3 20.9565
2 0 20.9565
5 3 20.9898
5 6 20.9898
0 1 21.0311
0 2 21.0311
0 13 21.0311
0 14 21.0311
14 0 21.0837
14 12 21.0837
11 9 21.1726
11 12 21.1726
0 1 21.1756
0 2 21.1756
0 13 21.1756
0 14 21.1756
2 3 21.3502
2 0 21.3502
3 1 21.3726
3 2 21.3726
3 4 21.3726
3 5 21.3726
9 7 21.3841
9 8 21.3841
9 10 21.3841
9 11 21.3841
2 3 21.5497
2 0 21.5497
0 1 21.6382
0 2 21.6382
0 13 21.6382
0 14 21.6382
1 3 22.0047
1 0 22.0047
5 3 22.0798
5 6 22.0798
10 9 22.0896
10 12 22.0896
14 0 22.1328
14 12 22.1328
6 4 22.1704
6 5 22.1704
6 7 22.1704
6 8 22.1704
7 6 22.1707
7 9 22.1707
4 3 22.184
4 6 22.184
0 1 22.2081
0 2 22.2081
0 13 22.2081
0 14 22.2081
2 3 22.3007
2 0 22.3007
3 1 22.3026
3 2 22.3026
3 4 22.3026
3 5 22.3026
11 9 22.326
11 12 22.326
12 10 22.3699
12 11 22.3699
12 13 22.3699
12 14 22.3699
13 0 22.4053
13 12 22.4053
8 6 22.411
8 9 22.411
9 7 22.456
9 8 22.456
9 10 22.456
9 11 22.456
4 3 24.0119
4 6 24.0119
0 1 24.0386
0 2 24.0386
0 13 24.0386
0 14 24.0386
6 4 24.0878
6 5 24.0878
6 7 24.0878
6 8 24.0878
5 3 24.127
5 6 24.127
2 3 24.1305
2 0 24.1305
7 6 24.147
7 9 24.147
9 7 24.1576
9 8 24.1576
9 10 24.1576
9 11 24.1576
8 6 24.2327
8 9 24.2327
1 3 24.2478
1 0 24.2478
13 0 24.3152
13 12 24.3152
10 9 24.3972
10 12 24.3972
12 10 24.4016
12 11 24.4016
12 13 24.4016
12 14 24.4016
14 0 24.4275
14 12 24.4275
3 1 24.4484
3 2 24.4484
3 4 24.4484
3 5 24.4484
11 9 24.4974
11 12 24.4974
11 9 25.0284
11 12 25.0284
8 6 25.1275
8 9 25.1275
3 1 25.1617
3 2 25.1617
3 4 25.1617
3 5 25.1617
6 4 25.2179
6 5 25.2179
6 7 25.2179
6 8 25.2179
12 10 25.2675
12 11 25.2675
12 13 25.2675
12 14 25.2675
2 3 25.3284
2 0 25.3284
14 0 25.3944
14 12 25.3944
0 1 25.4198
0 2 25.4198
0 13 25.4198
0 14 25.4198
9 7 25.4455
9 8 25.4455
9 10 25.4455
9 11 25.4455
5 3 25.4664
5 6 25.4664
8 6 25.5049
8 9 25.5049
6 4 25.5768
6 5 25.5768
6 7 25.5768
6 8 25.5768
12 10 25.5912
12 11 25.5912
12 13 25.5912
12 14 25.5912
11 9 25.6281
11 12 25.6281
8 6 25.6616
8 9 25.6616
3 1 25.6782
3 2 25.6782
3 4 25.6782
3 5 25.6782
12 10 25.6913
12 11 25.6913
12 13 25.6913
12 14 25.6913
9 7 25.7076
9 8 25.7076
9 10 25.7076
9 11 25.7076
5 3 25.7331
5 6 25.7331
14 0 25.7699
14 12 25.7699
0 1 25.7896
0 2 25.7896
0 13 25.7896
0 14 25.7896
2 3 25.9262
2 0 25.9262
8 6 26.0815
8 9 26.0815
12 10 26.0965
12 11 26.0965
12 13 26.0965
12 14 26.0965
11 9 26.143
11 12 26.143
9 7 26.1448
9 8 26.1448
9 10 26.1448
9 11 26.1448
6 4 26.1508
6 5 26.1508
6 7 26.1508
6 8 26.1508
13 0 26.1794
13 12 26.1794
8 6 26.1842
8 9 26.1842
9 7 26.2099
9 8 26.2099
9 10 26.2099
9 11 26.2099
0 1 26.2481
0 2 26.2481
0 13 26.2481
0 14 26.2481
14 0 26.263
14 12 26.263
10 9 26.2709
10 12 26.2709
1 3 26.3478
1 0 26.3478
2 3 26.4066
2 0 26.4066
4 3 26.4487
4 6 26.4487
7 6 26.4615
7 9 26.4615
3 1 26.466
3 2 26.466
3 4 26.466
3 5 26.466
5 3 26.4834
5 6 26.4834
3 1 26.7216
3 2 26.7216
3 4 26.7216
3 5 26.7216
6 4 28.0388
6 5 28.0388
6 7 28.0388
6 8 28.0388
12 10 28.0586
12 11 28.0586
12 13 28.0586
12 14 28.0586
7 6 28.06
7 9 28.06
4 3 28.0799
4 6 28.0799
11 9 28.0835
11 12 28.0835
13 0 28.1147
13 12 28.1147
3 1 28.1926
3 2 28.1926
3 4 28.1926
3 5 28.1926
9 7 28.1969
9 8 28.1969
9 10 28.1969
9 11 28.1969
1 3 28.2767
1 0 28.2767
2 3 28.2845
2 0 28.2845
0 1 28.3035
0 2 28.3035
0 13 28.3035
0 14 28.3035
5 3 28.3061
5 6 28.3061
8 6 28.3688
8 9 28.3688
10 9 28.3971
10 12 28.3971
14 0 28.4803
14 12 28.4803
